\BOOKMARK [0][-]{chapter.1}{\376\377\0001\000\040\000c\000a\000n\000o\000p\000e\000n}{}% 1
\BOOKMARK [0][-]{chapter.2}{\376\377\0002\000\040\000l\000x\000m\0003\0002}{}% 2
\BOOKMARK [0][-]{chapter.3}{\376\377\0003\000\040\000s\000t\000e\000w\000a\000r\000t\000\137\000p\000l\000a\000t\000f\000o\000r\000m}{}% 3
\BOOKMARK [0][-]{chapter.4}{\376\377\0004\000\040\000H\000i\000e\000r\000a\000r\000c\000h\000i\000c\000a\000l\000\040\000I\000n\000d\000e\000x}{}% 4
\BOOKMARK [1][-]{section.4.1}{\376\377\0004\000.\0001\000\040\000C\000l\000a\000s\000s\000\040\000H\000i\000e\000r\000a\000r\000c\000h\000y}{chapter.4}% 5
\BOOKMARK [0][-]{chapter.5}{\376\377\0005\000\040\000C\000l\000a\000s\000s\000\040\000I\000n\000d\000e\000x}{}% 6
\BOOKMARK [1][-]{section.5.1}{\376\377\0005\000.\0001\000\040\000C\000l\000a\000s\000s\000\040\000L\000i\000s\000t}{chapter.5}% 7
\BOOKMARK [0][-]{chapter.6}{\376\377\0006\000\040\000F\000i\000l\000e\000\040\000I\000n\000d\000e\000x}{}% 8
\BOOKMARK [1][-]{section.6.1}{\376\377\0006\000.\0001\000\040\000F\000i\000l\000e\000\040\000L\000i\000s\000t}{chapter.6}% 9
\BOOKMARK [0][-]{chapter.7}{\376\377\0007\000\040\000C\000l\000a\000s\000s\000\040\000D\000o\000c\000u\000m\000e\000n\000t\000a\000t\000i\000o\000n}{}% 10
\BOOKMARK [1][-]{section.7.1}{\376\377\0007\000.\0001\000\040\000C\000A\000N\000o\000p\000e\000n\000:\000:\000D\000r\000i\000v\000e\000r\000\040\000C\000l\000a\000s\000s\000\040\000R\000e\000f\000e\000r\000e\000n\000c\000e}{chapter.7}% 11
\BOOKMARK [2][-]{subsection.7.1.1}{\376\377\0007\000.\0001\000.\0001\000\040\000D\000e\000t\000a\000i\000l\000e\000d\000\040\000D\000e\000s\000c\000r\000i\000p\000t\000i\000o\000n}{section.7.1}% 12
\BOOKMARK [2][-]{subsection.7.1.2}{\376\377\0007\000.\0001\000.\0002\000\040\000M\000e\000m\000b\000e\000r\000\040\000E\000n\000u\000m\000e\000r\000a\000t\000i\000o\000n\000\040\000D\000o\000c\000u\000m\000e\000n\000t\000a\000t\000i\000o\000n}{section.7.1}% 13
\BOOKMARK [3][-]{subsubsection.7.1.2.1}{\376\377\0007\000.\0001\000.\0002\000.\0001\000\040\000C\000o\000n\000t\000r\000o\000l}{subsection.7.1.2}% 14
\BOOKMARK [3][-]{subsubsection.7.1.2.2}{\376\377\0007\000.\0001\000.\0002\000.\0002\000\040\000O\000p\000e\000r\000a\000t\000i\000o\000n\000M\000o\000d\000e}{subsection.7.1.2}% 15
\BOOKMARK [3][-]{subsubsection.7.1.2.3}{\376\377\0007\000.\0001\000.\0002\000.\0003\000\040\000R\000e\000g\000i\000s\000t\000e\000r}{subsection.7.1.2}% 16
\BOOKMARK [3][-]{subsubsection.7.1.2.4}{\376\377\0007\000.\0001\000.\0002\000.\0004\000\040\000S\000t\000a\000t\000e}{subsection.7.1.2}% 17
\BOOKMARK [2][-]{subsection.7.1.3}{\376\377\0007\000.\0001\000.\0003\000\040\000C\000o\000n\000s\000t\000r\000u\000c\000t\000o\000r\000\040\000\046\000\040\000D\000e\000s\000t\000r\000u\000c\000t\000o\000r\000\040\000D\000o\000c\000u\000m\000e\000n\000t\000a\000t\000i\000o\000n}{section.7.1}% 18
\BOOKMARK [3][-]{subsubsection.7.1.3.1}{\376\377\0007\000.\0001\000.\0003\000.\0001\000\040\000D\000r\000i\000v\000e\000r\000\050\000\051}{subsection.7.1.3}% 19
\BOOKMARK [2][-]{subsection.7.1.4}{\376\377\0007\000.\0001\000.\0004\000\040\000M\000e\000m\000b\000e\000r\000\040\000F\000u\000n\000c\000t\000i\000o\000n\000\040\000D\000o\000c\000u\000m\000e\000n\000t\000a\000t\000i\000o\000n}{section.7.1}% 20
\BOOKMARK [3][-]{subsubsection.7.1.4.1}{\376\377\0007\000.\0001\000.\0004\000.\0001\000\040\000a\000c\000t\000i\000v\000a\000t\000e\000\137\000P\000D\000O\000\050\000\051}{subsection.7.1.4}% 21
\BOOKMARK [3][-]{subsubsection.7.1.4.2}{\376\377\0007\000.\0001\000.\0004\000.\0002\000\040\000c\000t\000r\000l\000\137\000t\000o\000\137\000s\000t\000r\000\050\000\051}{subsection.7.1.4}% 22
\BOOKMARK [3][-]{subsubsection.7.1.4.3}{\376\377\0007\000.\0001\000.\0004\000.\0003\000\040\000g\000e\000t\000\050\000\051}{subsection.7.1.4}% 23
\BOOKMARK [3][-]{subsubsection.7.1.4.4}{\376\377\0007\000.\0001\000.\0004\000.\0004\000\040\000g\000e\000t\000\137\000m\000o\000d\000e\000\050\000\051}{subsection.7.1.4}% 24
\BOOKMARK [3][-]{subsubsection.7.1.4.5}{\376\377\0007\000.\0001\000.\0004\000.\0005\000\040\000g\000e\000t\000\137\000p\000o\000s\000i\000t\000i\000o\000n\000\050\000\051}{subsection.7.1.4}% 25
\BOOKMARK [3][-]{subsubsection.7.1.4.6}{\376\377\0007\000.\0001\000.\0004\000.\0006\000\040\000g\000e\000t\000\137\000s\000t\000a\000t\000e\000\050\000\051}{subsection.7.1.4}% 26
\BOOKMARK [3][-]{subsubsection.7.1.4.7}{\376\377\0007\000.\0001\000.\0004\000.\0007\000\040\000g\000e\000t\000\137\000t\000o\000r\000q\000u\000e\000\050\000\051}{subsection.7.1.4}% 27
\BOOKMARK [3][-]{subsubsection.7.1.4.8}{\376\377\0007\000.\0001\000.\0004\000.\0008\000\040\000g\000e\000t\000\137\000v\000e\000l\000o\000c\000i\000t\000y\000\050\000\051}{subsection.7.1.4}% 28
\BOOKMARK [3][-]{subsubsection.7.1.4.9}{\376\377\0007\000.\0001\000.\0004\000.\0009\000\040\000m\000a\000p\000\137\000P\000D\000O\000\050\000\051}{subsection.7.1.4}% 29
\BOOKMARK [3][-]{subsubsection.7.1.4.10}{\376\377\0007\000.\0001\000.\0004\000.\0001\0000\000\040\000s\000e\000n\000d\000\050\000\051}{subsection.7.1.4}% 30
\BOOKMARK [3][-]{subsubsection.7.1.4.11}{\376\377\0007\000.\0001\000.\0004\000.\0001\0001\000\040\000s\000e\000t\000\050\000\051}{subsection.7.1.4}% 31
\BOOKMARK [3][-]{subsubsection.7.1.4.12}{\376\377\0007\000.\0001\000.\0004\000.\0001\0002\000\040\000s\000e\000t\000\137\000c\000o\000n\000t\000r\000o\000l\000\050\000\051}{subsection.7.1.4}% 32
\BOOKMARK [3][-]{subsubsection.7.1.4.13}{\376\377\0007\000.\0001\000.\0004\000.\0001\0003\000\040\000s\000e\000t\000\137\000m\000o\000d\000e\000\050\000\051}{subsection.7.1.4}% 33
\BOOKMARK [3][-]{subsubsection.7.1.4.14}{\376\377\0007\000.\0001\000.\0004\000.\0001\0004\000\040\000s\000e\000t\000\137\000p\000o\000s\000i\000t\000i\000o\000n\000\050\000\051}{subsection.7.1.4}% 34
\BOOKMARK [3][-]{subsubsection.7.1.4.15}{\376\377\0007\000.\0001\000.\0004\000.\0001\0005\000\040\000s\000e\000t\000\137\000p\000o\000s\000i\000t\000i\000o\000n\000\137\000o\000f\000f\000s\000e\000t\000\050\000\051}{subsection.7.1.4}% 35
\BOOKMARK [3][-]{subsubsection.7.1.4.16}{\376\377\0007\000.\0001\000.\0004\000.\0001\0006\000\040\000s\000e\000t\000\137\000t\000o\000r\000q\000u\000e\000\050\000\051}{subsection.7.1.4}% 36
\BOOKMARK [3][-]{subsubsection.7.1.4.17}{\376\377\0007\000.\0001\000.\0004\000.\0001\0007\000\040\000s\000e\000t\000\137\000v\000e\000l\000o\000c\000i\000t\000y\000\050\000\051}{subsection.7.1.4}% 37
\BOOKMARK [3][-]{subsubsection.7.1.4.18}{\376\377\0007\000.\0001\000.\0004\000.\0001\0008\000\040\000u\000p\000d\000a\000t\000e\000\050\000\051}{subsection.7.1.4}% 38
\BOOKMARK [3][-]{subsubsection.7.1.4.19}{\376\377\0007\000.\0001\000.\0004\000.\0001\0009\000\040\000w\000a\000i\000t\000\137\000s\000t\000a\000t\000e\000\050\000\051}{subsection.7.1.4}% 39
\BOOKMARK [1][-]{section.7.2}{\376\377\0007\000.\0002\000\040\000C\000A\000N\000o\000p\000e\000n\000:\000:\000E\000M\000C\000Y\000M\000e\000s\000s\000a\000g\000e\000\040\000C\000l\000a\000s\000s\000\040\000R\000e\000f\000e\000r\000e\000n\000c\000e}{chapter.7}% 40
\BOOKMARK [2][-]{subsection.7.2.1}{\376\377\0007\000.\0002\000.\0001\000\040\000D\000e\000t\000a\000i\000l\000e\000d\000\040\000D\000e\000s\000c\000r\000i\000p\000t\000i\000o\000n}{section.7.2}% 41
\BOOKMARK [1][-]{section.7.3}{\376\377\0007\000.\0003\000\040\000s\000t\000p\000:\000:\000G\000a\000z\000e\000b\000o\000\137\000s\000i\000m\000\040\000C\000l\000a\000s\000s\000\040\000R\000e\000f\000e\000r\000e\000n\000c\000e}{chapter.7}% 42
\BOOKMARK [2][-]{subsection.7.3.1}{\376\377\0007\000.\0003\000.\0001\000\040\000D\000e\000t\000a\000i\000l\000e\000d\000\040\000D\000e\000s\000c\000r\000i\000p\000t\000i\000o\000n}{section.7.3}% 43
\BOOKMARK [1][-]{section.7.4}{\376\377\0007\000.\0004\000\040\000s\000t\000p\000:\000:\000G\000n\000u\000p\000l\000o\000t\000\137\000s\000i\000m\000\040\000C\000l\000a\000s\000s\000\040\000R\000e\000f\000e\000r\000e\000n\000c\000e}{chapter.7}% 44
\BOOKMARK [2][-]{subsection.7.4.1}{\376\377\0007\000.\0004\000.\0001\000\040\000D\000e\000t\000a\000i\000l\000e\000d\000\040\000D\000e\000s\000c\000r\000i\000p\000t\000i\000o\000n}{section.7.4}% 45
\BOOKMARK [1][-]{section.7.5}{\376\377\0007\000.\0005\000\040\000C\000A\000N\000o\000p\000e\000n\000:\000:\000L\000X\000M\0003\0002\000\040\000C\000l\000a\000s\000s\000\040\000R\000e\000f\000e\000r\000e\000n\000c\000e}{chapter.7}% 46
\BOOKMARK [2][-]{subsection.7.5.1}{\376\377\0007\000.\0005\000.\0001\000\040\000D\000e\000t\000a\000i\000l\000e\000d\000\040\000D\000e\000s\000c\000r\000i\000p\000t\000i\000o\000n}{section.7.5}% 47
\BOOKMARK [2][-]{subsection.7.5.2}{\376\377\0007\000.\0005\000.\0002\000\040\000C\000o\000n\000s\000t\000r\000u\000c\000t\000o\000r\000\040\000\046\000\040\000D\000e\000s\000t\000r\000u\000c\000t\000o\000r\000\040\000D\000o\000c\000u\000m\000e\000n\000t\000a\000t\000i\000o\000n}{section.7.5}% 48
\BOOKMARK [3][-]{subsubsection.7.5.2.1}{\376\377\0007\000.\0005\000.\0002\000.\0001\000\040\000L\000X\000M\0003\0002\000\050\000\051}{subsection.7.5.2}% 49
\BOOKMARK [2][-]{subsection.7.5.3}{\376\377\0007\000.\0005\000.\0003\000\040\000M\000e\000m\000b\000e\000r\000\040\000F\000u\000n\000c\000t\000i\000o\000n\000\040\000D\000o\000c\000u\000m\000e\000n\000t\000a\000t\000i\000o\000n}{section.7.5}% 50
\BOOKMARK [3][-]{subsubsection.7.5.3.1}{\376\377\0007\000.\0005\000.\0003\000.\0001\000\040\000g\000e\000t\000\137\000a\000n\000g\000l\000e\000\050\000\051}{subsection.7.5.3}% 51
\BOOKMARK [3][-]{subsubsection.7.5.3.2}{\376\377\0007\000.\0005\000.\0003\000.\0002\000\040\000s\000e\000t\000\137\000a\000n\000g\000l\000e\000\050\000\051}{subsection.7.5.3}% 52
\BOOKMARK [1][-]{section.7.6}{\376\377\0007\000.\0006\000\040\000M\000a\000i\000n\000W\000i\000n\000d\000o\000w\000\040\000C\000l\000a\000s\000s\000\040\000R\000e\000f\000e\000r\000e\000n\000c\000e}{chapter.7}% 53
\BOOKMARK [2][-]{subsection.7.6.1}{\376\377\0007\000.\0006\000.\0001\000\040\000D\000e\000t\000a\000i\000l\000e\000d\000\040\000D\000e\000s\000c\000r\000i\000p\000t\000i\000o\000n}{section.7.6}% 54
\BOOKMARK [1][-]{section.7.7}{\376\377\0007\000.\0007\000\040\000C\000A\000N\000o\000p\000e\000n\000:\000:\000M\000e\000s\000s\000a\000g\000e\000\040\000C\000l\000a\000s\000s\000\040\000R\000e\000f\000e\000r\000e\000n\000c\000e}{chapter.7}% 55
\BOOKMARK [2][-]{subsection.7.7.1}{\376\377\0007\000.\0007\000.\0001\000\040\000D\000e\000t\000a\000i\000l\000e\000d\000\040\000D\000e\000s\000c\000r\000i\000p\000t\000i\000o\000n}{section.7.7}% 56
\BOOKMARK [2][-]{subsection.7.7.2}{\376\377\0007\000.\0007\000.\0002\000\040\000M\000e\000m\000b\000e\000r\000\040\000E\000n\000u\000m\000e\000r\000a\000t\000i\000o\000n\000\040\000D\000o\000c\000u\000m\000e\000n\000t\000a\000t\000i\000o\000n}{section.7.7}% 57
\BOOKMARK [3][-]{subsubsection.7.7.2.1}{\376\377\0007\000.\0007\000.\0002\000.\0001\000\040\000F\000u\000n\000c\000t\000i\000o\000n\000C\000o\000d\000e}{subsection.7.7.2}% 58
\BOOKMARK [2][-]{subsection.7.7.3}{\376\377\0007\000.\0007\000.\0003\000\040\000M\000e\000m\000b\000e\000r\000\040\000F\000u\000n\000c\000t\000i\000o\000n\000\040\000D\000o\000c\000u\000m\000e\000n\000t\000a\000t\000i\000o\000n}{section.7.7}% 59
\BOOKMARK [3][-]{subsubsection.7.7.3.1}{\376\377\0007\000.\0007\000.\0003\000.\0001\000\040\000f\000u\000n\000c\000t\000i\000o\000n\000\137\000c\000o\000d\000e\000\050\000\051}{subsection.7.7.3}% 60
\BOOKMARK [3][-]{subsubsection.7.7.3.2}{\376\377\0007\000.\0007\000.\0003\000.\0002\000\040\000i\000d\000\050\000\051}{subsection.7.7.3}% 61
\BOOKMARK [3][-]{subsubsection.7.7.3.3}{\376\377\0007\000.\0007\000.\0003\000.\0003\000\040\000n\000o\000d\000e\000\137\000i\000d\000\050\000\051}{subsection.7.7.3}% 62
\BOOKMARK [3][-]{subsubsection.7.7.3.4}{\376\377\0007\000.\0007\000.\0003\000.\0004\000\040\000p\000a\000y\000l\000o\000a\000d\000\050\000\051}{subsection.7.7.3}% 63
\BOOKMARK [1][-]{section.7.8}{\376\377\0007\000.\0008\000\040\000s\000t\000p\000:\000:\000M\000o\000d\000e\000l\000\040\000C\000l\000a\000s\000s\000\040\000R\000e\000f\000e\000r\000e\000n\000c\000e}{chapter.7}% 64
\BOOKMARK [2][-]{subsection.7.8.1}{\376\377\0007\000.\0008\000.\0001\000\040\000D\000e\000t\000a\000i\000l\000e\000d\000\040\000D\000e\000s\000c\000r\000i\000p\000t\000i\000o\000n}{section.7.8}% 65
\BOOKMARK [2][-]{subsection.7.8.2}{\376\377\0007\000.\0008\000.\0002\000\040\000M\000e\000m\000b\000e\000r\000\040\000D\000a\000t\000a\000\040\000D\000o\000c\000u\000m\000e\000n\000t\000a\000t\000i\000o\000n}{section.7.8}% 66
\BOOKMARK [3][-]{subsubsection.7.8.2.1}{\376\377\0007\000.\0008\000.\0002\000.\0001\000\040\000\137\000d\0002}{subsection.7.8.2}% 67
\BOOKMARK [3][-]{subsubsection.7.8.2.2}{\376\377\0007\000.\0008\000.\0002\000.\0002\000\040\000m\000\137\000A}{subsection.7.8.2}% 68
\BOOKMARK [3][-]{subsubsection.7.8.2.3}{\376\377\0007\000.\0008\000.\0002\000.\0003\000\040\000m\000\137\000a\0002}{subsection.7.8.2}% 69
\BOOKMARK [3][-]{subsubsection.7.8.2.4}{\376\377\0007\000.\0008\000.\0002\000.\0004\000\040\000m\000\137\000a\000l\000p\000h\000a}{subsection.7.8.2}% 70
\BOOKMARK [3][-]{subsubsection.7.8.2.5}{\376\377\0007\000.\0008\000.\0002\000.\0005\000\040\000m\000\137\000a\000l\000p\000h\000a\000\137\000s\000p\000d}{subsection.7.8.2}% 71
\BOOKMARK [3][-]{subsubsection.7.8.2.6}{\376\377\0007\000.\0008\000.\0002\000.\0006\000\040\000m\000\137\000B}{subsection.7.8.2}% 72
\BOOKMARK [3][-]{subsubsection.7.8.2.7}{\376\377\0007\000.\0008\000.\0002\000.\0007\000\040\000m\000\137\000b\000e\000t\000a}{subsection.7.8.2}% 73
\BOOKMARK [3][-]{subsubsection.7.8.2.8}{\376\377\0007\000.\0008\000.\0002\000.\0008\000\040\000m\000\137\000g\000a\000m\000m\000a}{subsection.7.8.2}% 74
\BOOKMARK [3][-]{subsubsection.7.8.2.9}{\376\377\0007\000.\0008\000.\0002\000.\0009\000\040\000m\000\137\000l\0002}{subsection.7.8.2}% 75
\BOOKMARK [3][-]{subsubsection.7.8.2.10}{\376\377\0007\000.\0008\000.\0002\000.\0001\0000\000\040\000m\000\137\000P}{subsection.7.8.2}% 76
\BOOKMARK [3][-]{subsubsection.7.8.2.11}{\376\377\0007\000.\0008\000.\0002\000.\0001\0001\000\040\000m\000\137\000P\0001}{subsection.7.8.2}% 77
\BOOKMARK [3][-]{subsubsection.7.8.2.12}{\376\377\0007\000.\0008\000.\0002\000.\0001\0002\000\040\000m\000\137\000p\000a\000r\000i\000t\000y}{subsection.7.8.2}% 78
\BOOKMARK [3][-]{subsubsection.7.8.2.13}{\376\377\0007\000.\0008\000.\0002\000.\0001\0003\000\040\000m\000\137\000R}{subsection.7.8.2}% 79
\BOOKMARK [3][-]{subsubsection.7.8.2.14}{\376\377\0007\000.\0008\000.\0002\000.\0001\0004\000\040\000m\000\137\000T}{subsection.7.8.2}% 80
\BOOKMARK [3][-]{subsubsection.7.8.2.15}{\376\377\0007\000.\0008\000.\0002\000.\0001\0005\000\040\000m\000\137\000T\000\137\000s\000p\000d}{subsection.7.8.2}% 81
\BOOKMARK [3][-]{subsubsection.7.8.2.16}{\376\377\0007\000.\0008\000.\0002\000.\0001\0006\000\040\000m\000\137\000t\000h\000e\000t\000a}{subsection.7.8.2}% 82
\BOOKMARK [3][-]{subsubsection.7.8.2.17}{\376\377\0007\000.\0008\000.\0002\000.\0001\0007\000\040\000m\000\137\000t\000h\000e\000t\000a\000\137\000s\000p\000d}{subsection.7.8.2}% 83
\BOOKMARK [3][-]{subsubsection.7.8.2.18}{\376\377\0007\000.\0008\000.\0002\000.\0001\0008\000\040\000m\000\137\000t\000r\000i\000g}{subsection.7.8.2}% 84
\BOOKMARK [1][-]{section.7.9}{\376\377\0007\000.\0009\000\040\000C\000A\000N\000o\000p\000e\000n\000:\000:\000N\000M\000T\000M\000e\000s\000s\000a\000g\000e\000\040\000C\000l\000a\000s\000s\000\040\000R\000e\000f\000e\000r\000e\000n\000c\000e}{chapter.7}% 85
\BOOKMARK [2][-]{subsection.7.9.1}{\376\377\0007\000.\0009\000.\0001\000\040\000D\000e\000t\000a\000i\000l\000e\000d\000\040\000D\000e\000s\000c\000r\000i\000p\000t\000i\000o\000n}{section.7.9}% 86
\BOOKMARK [1][-]{section.7.10}{\376\377\0007\000.\0001\0000\000\040\000C\000A\000N\000o\000p\000e\000n\000:\000:\000P\000a\000r\000a\000m\000e\000t\000e\000r\000\040\000S\000t\000r\000u\000c\000t\000\040\000R\000e\000f\000e\000r\000e\000n\000c\000e}{chapter.7}% 87
\BOOKMARK [2][-]{subsection.7.10.1}{\376\377\0007\000.\0001\0000\000.\0001\000\040\000D\000e\000t\000a\000i\000l\000e\000d\000\040\000D\000e\000s\000c\000r\000i\000p\000t\000i\000o\000n}{section.7.10}% 88
\BOOKMARK [2][-]{subsection.7.10.2}{\376\377\0007\000.\0001\0000\000.\0002\000\040\000M\000e\000m\000b\000e\000r\000\040\000T\000y\000p\000e\000d\000e\000f\000\040\000D\000o\000c\000u\000m\000e\000n\000t\000a\000t\000i\000o\000n}{section.7.10}% 89
\BOOKMARK [3][-]{subsubsection.7.10.2.1}{\376\377\0007\000.\0001\0000\000.\0002\000.\0001\000\040\000p\000a\000r\000a\000m\000\137\000c\000b\000\137\000t}{subsection.7.10.2}% 90
\BOOKMARK [2][-]{subsection.7.10.3}{\376\377\0007\000.\0001\0000\000.\0003\000\040\000C\000o\000n\000s\000t\000r\000u\000c\000t\000o\000r\000\040\000\046\000\040\000D\000e\000s\000t\000r\000u\000c\000t\000o\000r\000\040\000D\000o\000c\000u\000m\000e\000n\000t\000a\000t\000i\000o\000n}{section.7.10}% 91
\BOOKMARK [3][-]{subsubsection.7.10.3.1}{\376\377\0007\000.\0001\0000\000.\0003\000.\0001\000\040\000P\000a\000r\000a\000m\000e\000t\000e\000r\000\050\000\051\000\040\000[\0001\000/\0002\000]}{subsection.7.10.3}% 92
\BOOKMARK [3][-]{subsubsection.7.10.3.2}{\376\377\0007\000.\0001\0000\000.\0003\000.\0002\000\040\000P\000a\000r\000a\000m\000e\000t\000e\000r\000\050\000\051\000\040\000[\0002\000/\0002\000]}{subsection.7.10.3}% 93
\BOOKMARK [2][-]{subsection.7.10.4}{\376\377\0007\000.\0001\0000\000.\0004\000\040\000M\000e\000m\000b\000e\000r\000\040\000F\000u\000n\000c\000t\000i\000o\000n\000\040\000D\000o\000c\000u\000m\000e\000n\000t\000a\000t\000i\000o\000n}{section.7.10}% 94
\BOOKMARK [3][-]{subsubsection.7.10.4.1}{\376\377\0007\000.\0001\0000\000.\0004\000.\0001\000\040\000f\000r\000o\000m\000\137\000p\000a\000y\000l\000o\000a\000d\000\050\000\051}{subsection.7.10.4}% 95
\BOOKMARK [3][-]{subsubsection.7.10.4.2}{\376\377\0007\000.\0001\0000\000.\0004\000.\0002\000\040\000g\000e\000t\000\050\000\051}{subsection.7.10.4}% 96
\BOOKMARK [3][-]{subsubsection.7.10.4.3}{\376\377\0007\000.\0001\0000\000.\0004\000.\0003\000\040\000h\000a\000s\000\137\000b\000e\000e\000n\000\137\000s\000e\000n\000t\000\050\000\051}{subsection.7.10.4}% 97
\BOOKMARK [3][-]{subsubsection.7.10.4.4}{\376\377\0007\000.\0001\0000\000.\0004\000.\0004\000\040\000l\000i\000n\000k\000\137\000t\000o\000\137\000p\000d\000o\000\050\000\051}{subsection.7.10.4}% 98
\BOOKMARK [3][-]{subsubsection.7.10.4.5}{\376\377\0007\000.\0001\0000\000.\0004\000.\0005\000\040\000o\000p\000e\000r\000a\000t\000o\000r\000=\000\050\000\051\000\040\000[\0001\000/\0006\000]}{subsection.7.10.4}% 99
\BOOKMARK [3][-]{subsubsection.7.10.4.6}{\376\377\0007\000.\0001\0000\000.\0004\000.\0006\000\040\000o\000p\000e\000r\000a\000t\000o\000r\000=\000\050\000\051\000\040\000[\0002\000/\0006\000]}{subsection.7.10.4}% 100
\BOOKMARK [3][-]{subsubsection.7.10.4.7}{\376\377\0007\000.\0001\0000\000.\0004\000.\0007\000\040\000o\000p\000e\000r\000a\000t\000o\000r\000=\000\050\000\051\000\040\000[\0003\000/\0006\000]}{subsection.7.10.4}% 101
\BOOKMARK [3][-]{subsubsection.7.10.4.8}{\376\377\0007\000.\0001\0000\000.\0004\000.\0008\000\040\000o\000p\000e\000r\000a\000t\000o\000r\000=\000\050\000\051\000\040\000[\0004\000/\0006\000]}{subsection.7.10.4}% 102
\BOOKMARK [3][-]{subsubsection.7.10.4.9}{\376\377\0007\000.\0001\0000\000.\0004\000.\0009\000\040\000o\000p\000e\000r\000a\000t\000o\000r\000=\000\050\000\051\000\040\000[\0005\000/\0006\000]}{subsection.7.10.4}% 103
\BOOKMARK [3][-]{subsubsection.7.10.4.10}{\376\377\0007\000.\0001\0000\000.\0004\000.\0001\0000\000\040\000o\000p\000e\000r\000a\000t\000o\000r\000=\000\050\000\051\000\040\000[\0006\000/\0006\000]}{subsection.7.10.4}% 104
\BOOKMARK [3][-]{subsubsection.7.10.4.11}{\376\377\0007\000.\0001\0000\000.\0004\000.\0001\0001\000\040\000p\000a\000y\000l\000o\000a\000d\000\050\000\051}{subsection.7.10.4}% 105
\BOOKMARK [3][-]{subsubsection.7.10.4.12}{\376\377\0007\000.\0001\0000\000.\0004\000.\0001\0002\000\040\000s\000e\000t\000\050\000\051}{subsection.7.10.4}% 106
\BOOKMARK [1][-]{section.7.11}{\376\377\0007\000.\0001\0001\000\040\000C\000A\000N\000o\000p\000e\000n\000:\000:\000P\000a\000y\000l\000o\000a\000d\000\040\000C\000l\000a\000s\000s\000\040\000R\000e\000f\000e\000r\000e\000n\000c\000e}{chapter.7}% 107
\BOOKMARK [2][-]{subsection.7.11.1}{\376\377\0007\000.\0001\0001\000.\0001\000\040\000D\000e\000t\000a\000i\000l\000e\000d\000\040\000D\000e\000s\000c\000r\000i\000p\000t\000i\000o\000n}{section.7.11}% 108
\BOOKMARK [2][-]{subsection.7.11.2}{\376\377\0007\000.\0001\0001\000.\0002\000\040\000C\000o\000n\000s\000t\000r\000u\000c\000t\000o\000r\000\040\000\046\000\040\000D\000e\000s\000t\000r\000u\000c\000t\000o\000r\000\040\000D\000o\000c\000u\000m\000e\000n\000t\000a\000t\000i\000o\000n}{section.7.11}% 109
\BOOKMARK [3][-]{subsubsection.7.11.2.1}{\376\377\0007\000.\0001\0001\000.\0002\000.\0001\000\040\000P\000a\000y\000l\000o\000a\000d\000\050\000\051}{subsection.7.11.2}% 110
\BOOKMARK [2][-]{subsection.7.11.3}{\376\377\0007\000.\0001\0001\000.\0003\000\040\000M\000e\000m\000b\000e\000r\000\040\000F\000u\000n\000c\000t\000i\000o\000n\000\040\000D\000o\000c\000u\000m\000e\000n\000t\000a\000t\000i\000o\000n}{section.7.11}% 111
\BOOKMARK [3][-]{subsubsection.7.11.3.1}{\376\377\0007\000.\0001\0001\000.\0003\000.\0001\000\040\000o\000p\000e\000r\000a\000t\000o\000r\000<\000<\000\050\000\051\000\040\000[\0001\000/\0002\000]}{subsection.7.11.3}% 112
\BOOKMARK [3][-]{subsubsection.7.11.3.2}{\376\377\0007\000.\0001\0001\000.\0003\000.\0002\000\040\000o\000p\000e\000r\000a\000t\000o\000r\000<\000<\000\050\000\051\000\040\000[\0002\000/\0002\000]}{subsection.7.11.3}% 113
\BOOKMARK [3][-]{subsubsection.7.11.3.3}{\376\377\0007\000.\0001\0001\000.\0003\000.\0003\000\040\000s\000t\000o\000r\000e\000\137\000a\000t\000\050\000\051}{subsection.7.11.3}% 114
\BOOKMARK [3][-]{subsubsection.7.11.3.4}{\376\377\0007\000.\0001\0001\000.\0003\000.\0004\000\040\000v\000a\000l\000u\000e\000\050\000\051}{subsection.7.11.3}% 115
\BOOKMARK [1][-]{section.7.12}{\376\377\0007\000.\0001\0002\000\040\000C\000A\000N\000o\000p\000e\000n\000:\000:\000P\000D\000O\000M\000e\000s\000s\000a\000g\000e\000\040\000C\000l\000a\000s\000s\000\040\000R\000e\000f\000e\000r\000e\000n\000c\000e}{chapter.7}% 116
\BOOKMARK [2][-]{subsection.7.12.1}{\376\377\0007\000.\0001\0002\000.\0001\000\040\000D\000e\000t\000a\000i\000l\000e\000d\000\040\000D\000e\000s\000c\000r\000i\000p\000t\000i\000o\000n}{section.7.12}% 117
\BOOKMARK [1][-]{section.7.13}{\376\377\0007\000.\0001\0003\000\040\000s\000t\000p\000:\000:\000P\000l\000a\000t\000f\000o\000r\000m\000\040\000C\000l\000a\000s\000s\000\040\000R\000e\000f\000e\000r\000e\000n\000c\000e}{chapter.7}% 118
\BOOKMARK [2][-]{subsection.7.13.1}{\376\377\0007\000.\0001\0003\000.\0001\000\040\000D\000e\000t\000a\000i\000l\000e\000d\000\040\000D\000e\000s\000c\000r\000i\000p\000t\000i\000o\000n}{section.7.13}% 119
\BOOKMARK [2][-]{subsection.7.13.2}{\376\377\0007\000.\0001\0003\000.\0002\000\040\000M\000e\000m\000b\000e\000r\000\040\000D\000a\000t\000a\000\040\000D\000o\000c\000u\000m\000e\000n\000t\000a\000t\000i\000o\000n}{section.7.13}% 120
\BOOKMARK [3][-]{subsubsection.7.13.2.1}{\376\377\0007\000.\0001\0003\000.\0002\000.\0001\000\040\000m\000\137\000m\000o\000t\000o\000r\000s}{subsection.7.13.2}% 121
\BOOKMARK [1][-]{section.7.14}{\376\377\0007\000.\0001\0004\000\040\000C\000A\000N\000o\000p\000e\000n\000:\000:\000S\000D\000O\000I\000n\000b\000o\000u\000n\000d\000\040\000C\000l\000a\000s\000s\000\040\000R\000e\000f\000e\000r\000e\000n\000c\000e}{chapter.7}% 122
\BOOKMARK [2][-]{subsection.7.14.1}{\376\377\0007\000.\0001\0004\000.\0001\000\040\000D\000e\000t\000a\000i\000l\000e\000d\000\040\000D\000e\000s\000c\000r\000i\000p\000t\000i\000o\000n}{section.7.14}% 123
\BOOKMARK [1][-]{section.7.15}{\376\377\0007\000.\0001\0005\000\040\000C\000A\000N\000o\000p\000e\000n\000:\000:\000S\000D\000O\000M\000e\000s\000s\000a\000g\000e\000\040\000C\000l\000a\000s\000s\000\040\000R\000e\000f\000e\000r\000e\000n\000c\000e}{chapter.7}% 124
\BOOKMARK [2][-]{subsection.7.15.1}{\376\377\0007\000.\0001\0005\000.\0001\000\040\000D\000e\000t\000a\000i\000l\000e\000d\000\040\000D\000e\000s\000c\000r\000i\000p\000t\000i\000o\000n}{section.7.15}% 125
\BOOKMARK [2][-]{subsection.7.15.2}{\376\377\0007\000.\0001\0005\000.\0002\000\040\000M\000e\000m\000b\000e\000r\000\040\000F\000u\000n\000c\000t\000i\000o\000n\000\040\000D\000o\000c\000u\000m\000e\000n\000t\000a\000t\000i\000o\000n}{section.7.15}% 126
\BOOKMARK [3][-]{subsubsection.7.15.2.1}{\376\377\0007\000.\0001\0005\000.\0002\000.\0001\000\040\000i\000d\000\050\000\051}{subsection.7.15.2}% 127
\BOOKMARK [3][-]{subsubsection.7.15.2.2}{\376\377\0007\000.\0001\0005\000.\0002\000.\0002\000\040\000i\000n\000d\000e\000x\000\050\000\051}{subsection.7.15.2}% 128
\BOOKMARK [3][-]{subsubsection.7.15.2.3}{\376\377\0007\000.\0001\0005\000.\0002\000.\0003\000\040\000i\000n\000d\000e\000x\000\137\000\137\000s\000u\000b\000\050\000\051}{subsection.7.15.2}% 129
\BOOKMARK [3][-]{subsubsection.7.15.2.4}{\376\377\0007\000.\0001\0005\000.\0002\000.\0004\000\040\000i\000s\000\137\000c\000o\000n\000f\000i\000r\000m\000a\000t\000i\000o\000n\000\050\000\051}{subsection.7.15.2}% 130
\BOOKMARK [3][-]{subsubsection.7.15.2.5}{\376\377\0007\000.\0001\0005\000.\0002\000.\0005\000\040\000i\000s\000\137\000e\000r\000r\000o\000r\000\050\000\051}{subsection.7.15.2}% 131
\BOOKMARK [3][-]{subsubsection.7.15.2.6}{\376\377\0007\000.\0001\0005\000.\0002\000.\0006\000\040\000p\000a\000y\000l\000o\000a\000d\000\050\000\051}{subsection.7.15.2}% 132
\BOOKMARK [3][-]{subsubsection.7.15.2.7}{\376\377\0007\000.\0001\0005\000.\0002\000.\0007\000\040\000s\000i\000z\000e\000\137\000d\000a\000t\000a\000\050\000\051}{subsection.7.15.2}% 133
\BOOKMARK [3][-]{subsubsection.7.15.2.8}{\376\377\0007\000.\0001\0005\000.\0002\000.\0008\000\040\000s\000u\000b\000i\000n\000d\000e\000x\000\050\000\051}{subsection.7.15.2}% 134
\BOOKMARK [1][-]{section.7.16}{\376\377\0007\000.\0001\0006\000\040\000C\000A\000N\000o\000p\000e\000n\000:\000:\000S\000D\000O\000O\000u\000t\000b\000o\000u\000n\000d\000\040\000C\000l\000a\000s\000s\000\040\000R\000e\000f\000e\000r\000e\000n\000c\000e}{chapter.7}% 135
\BOOKMARK [2][-]{subsection.7.16.1}{\376\377\0007\000.\0001\0006\000.\0001\000\040\000D\000e\000t\000a\000i\000l\000e\000d\000\040\000D\000e\000s\000c\000r\000i\000p\000t\000i\000o\000n}{section.7.16}% 136
\BOOKMARK [1][-]{section.7.17}{\376\377\0007\000.\0001\0007\000\040\000C\000A\000N\000o\000p\000e\000n\000:\000:\000S\000D\000O\000O\000u\000t\000b\000o\000u\000n\000d\000R\000e\000a\000d\000\040\000C\000l\000a\000s\000s\000\040\000R\000e\000f\000e\000r\000e\000n\000c\000e}{chapter.7}% 137
\BOOKMARK [2][-]{subsection.7.17.1}{\376\377\0007\000.\0001\0007\000.\0001\000\040\000D\000e\000t\000a\000i\000l\000e\000d\000\040\000D\000e\000s\000c\000r\000i\000p\000t\000i\000o\000n}{section.7.17}% 138
\BOOKMARK [1][-]{section.7.18}{\376\377\0007\000.\0001\0008\000\040\000C\000A\000N\000o\000p\000e\000n\000:\000:\000S\000D\000O\000O\000u\000t\000b\000o\000u\000n\000d\000W\000r\000i\000t\000e\000\040\000C\000l\000a\000s\000s\000\040\000R\000e\000f\000e\000r\000e\000n\000c\000e}{chapter.7}% 139
\BOOKMARK [2][-]{subsection.7.18.1}{\376\377\0007\000.\0001\0008\000.\0001\000\040\000D\000e\000t\000a\000i\000l\000e\000d\000\040\000D\000e\000s\000c\000r\000i\000p\000t\000i\000o\000n}{section.7.18}% 140
\BOOKMARK [1][-]{section.7.19}{\376\377\0007\000.\0001\0009\000\040\000C\000A\000N\000o\000p\000e\000n\000:\000:\000S\000o\000c\000k\000e\000t\000\040\000C\000l\000a\000s\000s\000\040\000R\000e\000f\000e\000r\000e\000n\000c\000e}{chapter.7}% 141
\BOOKMARK [2][-]{subsection.7.19.1}{\376\377\0007\000.\0001\0009\000.\0001\000\040\000D\000e\000t\000a\000i\000l\000e\000d\000\040\000D\000e\000s\000c\000r\000i\000p\000t\000i\000o\000n}{section.7.19}% 142
\BOOKMARK [2][-]{subsection.7.19.2}{\376\377\0007\000.\0001\0009\000.\0002\000\040\000C\000o\000n\000s\000t\000r\000u\000c\000t\000o\000r\000\040\000\046\000\040\000D\000e\000s\000t\000r\000u\000c\000t\000o\000r\000\040\000D\000o\000c\000u\000m\000e\000n\000t\000a\000t\000i\000o\000n}{section.7.19}% 143
\BOOKMARK [3][-]{subsubsection.7.19.2.1}{\376\377\0007\000.\0001\0009\000.\0002\000.\0001\000\040\000S\000o\000c\000k\000e\000t\000\050\000\051\000\040\000[\0001\000/\0002\000]}{subsection.7.19.2}% 144
\BOOKMARK [3][-]{subsubsection.7.19.2.2}{\376\377\0007\000.\0001\0009\000.\0002\000.\0002\000\040\000S\000o\000c\000k\000e\000t\000\050\000\051\000\040\000[\0002\000/\0002\000]}{subsection.7.19.2}% 145
\BOOKMARK [2][-]{subsection.7.19.3}{\376\377\0007\000.\0001\0009\000.\0003\000\040\000M\000e\000m\000b\000e\000r\000\040\000F\000u\000n\000c\000t\000i\000o\000n\000\040\000D\000o\000c\000u\000m\000e\000n\000t\000a\000t\000i\000o\000n}{section.7.19}% 146
\BOOKMARK [3][-]{subsubsection.7.19.3.1}{\376\377\0007\000.\0001\0009\000.\0003\000.\0001\000\040\000s\000e\000n\000d\000\050\000\051}{subsection.7.19.3}% 147
\BOOKMARK [0][-]{chapter.8}{\376\377\0008\000\040\000F\000i\000l\000e\000\040\000D\000o\000c\000u\000m\000e\000n\000t\000a\000t\000i\000o\000n}{}% 148
\BOOKMARK [1][-]{section.8.1}{\376\377\0008\000.\0001\000\040\000C\000A\000N\000o\000p\000e\000n\000\137\000d\000r\000i\000v\000e\000r\000.\000h\000\040\000F\000i\000l\000e\000\040\000R\000e\000f\000e\000r\000e\000n\000c\000e}{chapter.8}% 149
\BOOKMARK [2][-]{subsection.8.1.1}{\376\377\0008\000.\0001\000.\0001\000\040\000D\000e\000t\000a\000i\000l\000e\000d\000\040\000D\000e\000s\000c\000r\000i\000p\000t\000i\000o\000n}{section.8.1}% 150
\BOOKMARK [1][-]{section.8.2}{\376\377\0008\000.\0002\000\040\000C\000A\000N\000o\000p\000e\000n\000\137\000d\000r\000i\000v\000e\000r\000.\000h}{chapter.8}% 151
\BOOKMARK [1][-]{section.8.3}{\376\377\0008\000.\0003\000\040\000C\000A\000N\000o\000p\000e\000n\000\137\000l\000x\000m\0003\0002\000.\000h\000\040\000F\000i\000l\000e\000\040\000R\000e\000f\000e\000r\000e\000n\000c\000e}{chapter.8}% 152
\BOOKMARK [2][-]{subsection.8.3.1}{\376\377\0008\000.\0003\000.\0001\000\040\000D\000e\000t\000a\000i\000l\000e\000d\000\040\000D\000e\000s\000c\000r\000i\000p\000t\000i\000o\000n}{section.8.3}% 153
\BOOKMARK [1][-]{section.8.4}{\376\377\0008\000.\0004\000\040\000C\000A\000N\000o\000p\000e\000n\000\137\000l\000x\000m\0003\0002\000.\000h}{chapter.8}% 154
\BOOKMARK [1][-]{section.8.5}{\376\377\0008\000.\0005\000\040\000C\000A\000N\000o\000p\000e\000n\000\137\000s\000o\000c\000k\000e\000t\000.\000h\000\040\000F\000i\000l\000e\000\040\000R\000e\000f\000e\000r\000e\000n\000c\000e}{chapter.8}% 155
\BOOKMARK [2][-]{subsection.8.5.1}{\376\377\0008\000.\0005\000.\0001\000\040\000D\000e\000t\000a\000i\000l\000e\000d\000\040\000D\000e\000s\000c\000r\000i\000p\000t\000i\000o\000n}{section.8.5}% 156
\BOOKMARK [2][-]{subsection.8.5.2}{\376\377\0008\000.\0005\000.\0002\000\040\000M\000a\000c\000r\000o\000\040\000D\000e\000f\000i\000n\000i\000t\000i\000o\000n\000\040\000D\000o\000c\000u\000m\000e\000n\000t\000a\000t\000i\000o\000n}{section.8.5}% 157
\BOOKMARK [3][-]{subsubsection.8.5.2.1}{\376\377\0008\000.\0005\000.\0002\000.\0001\000\040\000I\000F\000\137\000V\000E\000R\000B\000O\000S\000E}{subsection.8.5.2}% 158
\BOOKMARK [1][-]{section.8.6}{\376\377\0008\000.\0006\000\040\000C\000A\000N\000o\000p\000e\000n\000\137\000s\000o\000c\000k\000e\000t\000.\000h}{chapter.8}% 159
\BOOKMARK [1][-]{section.8.7}{\376\377\0008\000.\0007\000\040\000e\000m\000c\000y\000.\000h\000\040\000F\000i\000l\000e\000\040\000R\000e\000f\000e\000r\000e\000n\000c\000e}{chapter.8}% 160
\BOOKMARK [2][-]{subsection.8.7.1}{\376\377\0008\000.\0007\000.\0001\000\040\000D\000e\000t\000a\000i\000l\000e\000d\000\040\000D\000e\000s\000c\000r\000i\000p\000t\000i\000o\000n}{section.8.7}% 161
\BOOKMARK [1][-]{section.8.8}{\376\377\0008\000.\0008\000\040\000e\000m\000c\000y\000.\000h}{chapter.8}% 162
\BOOKMARK [1][-]{section.8.9}{\376\377\0008\000.\0009\000\040\000m\000e\000s\000s\000a\000g\000e\000.\000h\000\040\000F\000i\000l\000e\000\040\000R\000e\000f\000e\000r\000e\000n\000c\000e}{chapter.8}% 163
\BOOKMARK [2][-]{subsection.8.9.1}{\376\377\0008\000.\0009\000.\0001\000\040\000D\000e\000t\000a\000i\000l\000e\000d\000\040\000D\000e\000s\000c\000r\000i\000p\000t\000i\000o\000n}{section.8.9}% 164
\BOOKMARK [1][-]{section.8.10}{\376\377\0008\000.\0001\0000\000\040\000m\000e\000s\000s\000a\000g\000e\000.\000h}{chapter.8}% 165
\BOOKMARK [1][-]{section.8.11}{\376\377\0008\000.\0001\0001\000\040\000n\000m\000t\000.\000h\000\040\000F\000i\000l\000e\000\040\000R\000e\000f\000e\000r\000e\000n\000c\000e}{chapter.8}% 166
\BOOKMARK [2][-]{subsection.8.11.1}{\376\377\0008\000.\0001\0001\000.\0001\000\040\000D\000e\000t\000a\000i\000l\000e\000d\000\040\000D\000e\000s\000c\000r\000i\000p\000t\000i\000o\000n}{section.8.11}% 167
\BOOKMARK [1][-]{section.8.12}{\376\377\0008\000.\0001\0002\000\040\000n\000m\000t\000.\000h}{chapter.8}% 168
\BOOKMARK [1][-]{section.8.13}{\376\377\0008\000.\0001\0003\000\040\000p\000a\000r\000a\000m\000e\000t\000e\000r\000.\000h\000\040\000F\000i\000l\000e\000\040\000R\000e\000f\000e\000r\000e\000n\000c\000e}{chapter.8}% 169
\BOOKMARK [2][-]{subsection.8.13.1}{\376\377\0008\000.\0001\0003\000.\0001\000\040\000D\000e\000t\000a\000i\000l\000e\000d\000\040\000D\000e\000s\000c\000r\000i\000p\000t\000i\000o\000n}{section.8.13}% 170
\BOOKMARK [1][-]{section.8.14}{\376\377\0008\000.\0001\0004\000\040\000p\000a\000r\000a\000m\000e\000t\000e\000r\000.\000h}{chapter.8}% 171
\BOOKMARK [1][-]{section.8.15}{\376\377\0008\000.\0001\0005\000\040\000p\000a\000y\000l\000o\000a\000d\000.\000h\000\040\000F\000i\000l\000e\000\040\000R\000e\000f\000e\000r\000e\000n\000c\000e}{chapter.8}% 172
\BOOKMARK [2][-]{subsection.8.15.1}{\376\377\0008\000.\0001\0005\000.\0001\000\040\000D\000e\000t\000a\000i\000l\000e\000d\000\040\000D\000e\000s\000c\000r\000i\000p\000t\000i\000o\000n}{section.8.15}% 173
\BOOKMARK [1][-]{section.8.16}{\376\377\0008\000.\0001\0006\000\040\000p\000a\000y\000l\000o\000a\000d\000.\000h}{chapter.8}% 174
\BOOKMARK [1][-]{section.8.17}{\376\377\0008\000.\0001\0007\000\040\000s\000d\000o\000.\000h\000\040\000F\000i\000l\000e\000\040\000R\000e\000f\000e\000r\000e\000n\000c\000e}{chapter.8}% 175
\BOOKMARK [2][-]{subsection.8.17.1}{\376\377\0008\000.\0001\0007\000.\0001\000\040\000D\000e\000t\000a\000i\000l\000e\000d\000\040\000D\000e\000s\000c\000r\000i\000p\000t\000i\000o\000n}{section.8.17}% 176
\BOOKMARK [1][-]{section.8.18}{\376\377\0008\000.\0001\0008\000\040\000s\000d\000o\000.\000h}{chapter.8}% 177
\BOOKMARK [0][-]{section*.136}{\376\377\000I\000n\000d\000e\000x}{}% 178
